2025-12-11 21:11:03 [scrapy.utils.log] INFO: Scrapy 2.13.4 started (bot: nebi_spiders)
2025-12-11 21:11:03 [scrapy.utils.log] INFO: Versions:
{'lxml': '6.0.2',
 'libxml2': '2.14.6',
 'cssselect': '1.3.0',
 'parsel': '1.10.0',
 'w3lib': '2.3.1',
 'Twisted': '25.5.0',
 'Python': '3.11.14 (main, Oct 10 2025, 01:03:14) [GCC 13.3.0]',
 'pyOpenSSL': '25.3.0 (OpenSSL 3.5.4 30 Sep 2025)',
 'cryptography': '46.0.3',
 'Platform': 'Linux-6.11.0-1018-azure-x86_64-with-glibc2.39'}
2025-12-11 21:11:24 [twisted] CRITICAL: Unhandled error in Deferred:
2025-12-11 21:11:24 [twisted] CRITICAL: 
Traceback (most recent call last):
  File "/opt/hostedtoolcache/Python/3.11.14/x64/lib/python3.11/site-packages/twisted/internet/defer.py", line 1857, in _inlineCallbacks
    result = context.run(gen.send, result)
             ^^^^^^^^^^^^^^^^^^^^^^^^^^^^^
  File "/opt/hostedtoolcache/Python/3.11.14/x64/lib/python3.11/site-packages/scrapy/crawler.py", line 153, in crawl
    self.spider = self._create_spider(*args, **kwargs)
                  ^^^^^^^^^^^^^^^^^^^^^^^^^^^^^^^^^^^^
  File "/opt/hostedtoolcache/Python/3.11.14/x64/lib/python3.11/site-packages/scrapy/crawler.py", line 166, in _create_spider
    return self.spidercls.from_crawler(self, *args, **kwargs)
           ^^^^^^^^^^^^^^^^^^^^^^^^^^^^^^^^^^^^^^^^^^^^^^^^^^
  File "/opt/hostedtoolcache/Python/3.11.14/x64/lib/python3.11/site-packages/scrapy/spiders/__init__.py", line 74, in from_crawler
    spider = cls(*args, **kwargs)
             ^^^^^^^^^^^^^^^^^^^^
  File "/home/runner/work/nebi-scraper/nebi-scraper/nebi_spiders/spiders/albaclick.py", line 22, in __init__
    self.driver = webdriver.Chrome()
                  ^^^^^^^^^^^^^^^^^^
  File "/opt/hostedtoolcache/Python/3.11.14/x64/lib/python3.11/site-packages/selenium/webdriver/chrome/webdriver.py", line 46, in __init__
    super().__init__(
  File "/opt/hostedtoolcache/Python/3.11.14/x64/lib/python3.11/site-packages/selenium/webdriver/chromium/webdriver.py", line 67, in __init__
    super().__init__(command_executor=executor, options=options)
  File "/opt/hostedtoolcache/Python/3.11.14/x64/lib/python3.11/site-packages/selenium/webdriver/remote/webdriver.py", line 257, in __init__
    self.start_session(capabilities)
  File "/opt/hostedtoolcache/Python/3.11.14/x64/lib/python3.11/site-packages/selenium/webdriver/remote/webdriver.py", line 352, in start_session
    response = self.execute(Command.NEW_SESSION, caps)["value"]
               ^^^^^^^^^^^^^^^^^^^^^^^^^^^^^^^^^^^^^^^
  File "/opt/hostedtoolcache/Python/3.11.14/x64/lib/python3.11/site-packages/selenium/webdriver/remote/webdriver.py", line 432, in execute
    self.error_handler.check_response(response)
  File "/opt/hostedtoolcache/Python/3.11.14/x64/lib/python3.11/site-packages/selenium/webdriver/remote/errorhandler.py", line 232, in check_response
    raise exception_class(message, screen, stacktrace)
selenium.common.exceptions.SessionNotCreatedException: Message: session not created: Chrome instance exited. Examine ChromeDriver verbose log to determine the cause.; For documentation on this error, please visit: https://www.selenium.dev/documentation/webdriver/troubleshooting/errors#sessionnotcreatedexception
Stacktrace:
#0 0x56206ddf916a <unknown>
#1 0x56206d876c4b <unknown>
#2 0x56206d8b0d1d <unknown>
#3 0x56206d8ac6d3 <unknown>
#4 0x56206d8fc24c <unknown>
#5 0x56206d8fb96c <unknown>
#6 0x56206d8bac42 <unknown>
#7 0x56206d8bb8f1 <unknown>
#8 0x56206ddc1f09 <unknown>
#9 0x56206ddc4e4d <unknown>
#10 0x56206ddaac51 <unknown>
#11 0x56206ddc5a2b <unknown>
#12 0x56206dd91a20 <unknown>
#13 0x56206dde6a78 <unknown>
#14 0x56206dde6c49 <unknown>
#15 0x56206ddf84c3 <unknown>
#16 0x7f83a829caa4 <unknown>
#17 0x7f83a8329c6c <unknown>

